0 info it worked if it ends with ok
1 verbose cli [ 'node', '/usr/local/bin/npm', 'run', 'babel' ]
2 info using npm@3.5.2
3 info using node@v0.10.25
4 verbose node symlink /usr/bin/node
5 verbose run-script [ 'prebabel', 'babel', 'postbabel' ]
6 info lifecycle clementinejs-fcc@1.0.1~prebabel: clementinejs-fcc@1.0.1
7 silly lifecycle clementinejs-fcc@1.0.1~prebabel: no script for prebabel, continuing
8 info lifecycle clementinejs-fcc@1.0.1~babel: clementinejs-fcc@1.0.1
9 verbose lifecycle clementinejs-fcc@1.0.1~babel: unsafe-perm in lifecycle true
10 verbose lifecycle clementinejs-fcc@1.0.1~babel: PATH: /usr/local/lib/node_modules/npm/bin/node-gyp-bin:/home/lk/Develop/web/image-search/node_modules/.bin:/usr/local/heroku/bin:/usr/local/sbin:/usr/local/bin:/usr/sbin:/usr/bin:/sbin:/bin:/usr/games:/usr/local/games:/home/lk/go/bin
11 verbose lifecycle clementinejs-fcc@1.0.1~babel: CWD: /home/lk/Develop/web/image-search
12 silly lifecycle clementinejs-fcc@1.0.1~babel: Args: [ '-c',
12 silly lifecycle   'babel --presets es2015 app/controllers/searchHandler.client.js main.js --watch -o app/controllers/searchHandler.client.bundle.js' ]
13 silly lifecycle clementinejs-fcc@1.0.1~babel: Returned: code: 2  signal: null
14 info lifecycle clementinejs-fcc@1.0.1~babel: Failed to exec babel script
15 verbose stack Error: clementinejs-fcc@1.0.1 babel: `babel --presets es2015 app/controllers/searchHandler.client.js main.js --watch -o app/controllers/searchHandler.client.bundle.js`
15 verbose stack Exit status 2
15 verbose stack     at EventEmitter.<anonymous> (/usr/local/lib/node_modules/npm/lib/utils/lifecycle.js:232:16)
15 verbose stack     at EventEmitter.emit (events.js:98:17)
15 verbose stack     at ChildProcess.<anonymous> (/usr/local/lib/node_modules/npm/lib/utils/spawn.js:24:14)
15 verbose stack     at ChildProcess.EventEmitter.emit (events.js:98:17)
15 verbose stack     at maybeClose (child_process.js:743:16)
15 verbose stack     at Process.ChildProcess._handle.onexit (child_process.js:810:5)
16 verbose pkgid clementinejs-fcc@1.0.1
17 verbose cwd /home/lk/Develop/web/image-search
18 error Linux 4.2.0-25-generic
19 error argv "node" "/usr/local/bin/npm" "run" "babel"
20 error node v0.10.25
21 error npm  v3.5.2
22 error code ELIFECYCLE
23 error clementinejs-fcc@1.0.1 babel: `babel --presets es2015 app/controllers/searchHandler.client.js main.js --watch -o app/controllers/searchHandler.client.bundle.js`
23 error Exit status 2
24 error Failed at the clementinejs-fcc@1.0.1 babel script 'babel --presets es2015 app/controllers/searchHandler.client.js main.js --watch -o app/controllers/searchHandler.client.bundle.js'.
24 error Make sure you have the latest version of node.js and npm installed.
24 error If you do, this is most likely a problem with the clementinejs-fcc package,
24 error not with npm itself.
24 error Tell the author that this fails on your system:
24 error     babel --presets es2015 app/controllers/searchHandler.client.js main.js --watch -o app/controllers/searchHandler.client.bundle.js
24 error You can get information on how to open an issue for this project with:
24 error     npm bugs clementinejs-fcc
24 error Or if that isn't available, you can get their info via:
24 error     npm owner ls clementinejs-fcc
24 error There is likely additional logging output above.
25 verbose exit [ 1, true ]
